#
# There is insufficient memory for the Java Runtime Environment to continue.
# Native memory allocation (mmap) failed to map 754974720 bytes for Failed to commit area from 0x0000027851000000 to 0x000002787e000000 of length 754974720.
# Possible reasons:
#   The system is out of physical RAM or swap space
# Possible solutions:
#   Reduce memory load on the system
#   Increase physical memory or swap space
#   Check if swap backing store is full
#   Decrease Java heap size (-Xmx/-Xms)
#   Decrease number of Java threads
#   Decrease Java thread stack sizes (-Xss)
#   Set larger code cache with -XX:ReservedCodeCacheSize=
# This output file may be truncated or incomplete.
#
#  Out of Memory Error (./open/src/hotspot/os/windows/os_windows.cpp:3315), pid=12556, tid=77636
#
# JRE version: Java(TM) SE Runtime Environment (14.0.1+7) (build 14.0.1+7)
# Java VM: Java HotSpot(TM) 64-Bit Server VM (14.0.1+7, mixed mode, tiered, g1 gc, windows-amd64)
# No core dump will be written. Minidumps are not enabled by default on client versions of Windows
#

---------------  S U M M A R Y ------------

Command Line: -Xmx48G -Dsun.java2d.d3d=false H:\Maplestory\Maple v83 Server-Client\Tools\EggEditor\Editor.jar

Host: AMD Ryzen 7 5800X 8-Core Processor             , 16 cores, 63G,  Windows 10 , 64 bit Build 19041 (10.0.19041.1503)
Time: Wed Sep 28 20:28:57 2022 Pacific Daylight Time elapsed time: 272 seconds (0d 0h 4m 32s)

---------------  T H R E A D  ---------------

Current thread (0x000002842e12d800):  VMThread "VM Thread" [stack: 0x0000008b43f00000,0x0000008b44000000] [id=77636]

Stack: [0x0000008b43f00000,0x0000008b44000000]
[error occurred during error reporting (printing stack bounds), id 0xc0000005, EXCEPTION_ACCESS_VIOLATION (0xc0000005) at pc=0x00000277d8b210a0]

Native frames: (J=compiled Java code, j=interpreted, Vv=VM code, C=native code)
V  [jvm.dll+0x5f840a]
V  [jvm.dll+0x741e4a]
V  [jvm.dll+0x7435ff]
V  [jvm.dll+0x743ba5]
V  [jvm.dll+0x743b5b]
V  [jvm.dll+0x5f793f]
V  [jvm.dll+0x5f80a8]
C  [ntdll.dll+0xa20cf]
C  [ntdll.dll+0x51454]
C  [ntdll.dll+0xa0bfe]
C  0x00000277d8b210a0

VM_Operation (0x0000008b43bff7e0): G1Concurrent, mode: safepoint, requested by thread 0x00000277c7d39000


---------------  P R O C E S S  ---------------

Threads class SMR info:
_java_thread_list=0x00000284345dd550, length=35, elements={
0x000002842e140800, 0x000002842e145800, 0x000002842e188800, 0x000002842e18b800,
0x000002842e16f000, 0x000002842e196000, 0x000002842e176000, 0x000002842e197000,
0x000002842e344000, 0x000002842e36a800, 0x000002842e73b000, 0x000002842e73e000,
0x000002842e73e800, 0x000002842eaba000, 0x000002842eaf1000, 0x00000284338dc800,
0x00000284338da000, 0x00000284338de000, 0x00000284338dd800, 0x00000284338d9000,
0x00000284338e0000, 0x00000284338db000, 0x00000284338db800, 0x00000284354a8000,
0x00000284354a4800, 0x00000284354a5800, 0x00000284354a8800, 0x00000284354a6000,
0x00000284354a7000, 0x00000284354a9800, 0x00000284354a3800, 0x00000284353ee000,
0x0000028433d5d000, 0x0000028433ff2800, 0x000002842e67a800
}

Java Threads: ( => current thread )
  0x000002842e140800 JavaThread "Reference Handler" daemon [_thread_blocked, id=76340, stack(0x0000008b44000000,0x0000008b44100000)]
  0x000002842e145800 JavaThread "Finalizer" daemon [_thread_blocked, id=71628, stack(0x0000008b44100000,0x0000008b44200000)]
  0x000002842e188800 JavaThread "Signal Dispatcher" daemon [_thread_blocked, id=64144, stack(0x0000008b44200000,0x0000008b44300000)]
  0x000002842e18b800 JavaThread "Attach Listener" daemon [_thread_blocked, id=5104, stack(0x0000008b44300000,0x0000008b44400000)]
  0x000002842e16f000 JavaThread "Service Thread" daemon [_thread_blocked, id=60956, stack(0x0000008b44400000,0x0000008b44500000)]
  0x000002842e196000 JavaThread "C2 CompilerThread0" daemon [_thread_blocked, id=56124, stack(0x0000008b44500000,0x0000008b44600000)]
  0x000002842e176000 JavaThread "C1 CompilerThread0" daemon [_thread_blocked, id=79268, stack(0x0000008b44600000,0x0000008b44700000)]
  0x000002842e197000 JavaThread "Sweeper thread" daemon [_thread_blocked, id=73164, stack(0x0000008b44700000,0x0000008b44800000)]
  0x000002842e344000 JavaThread "Notification Thread" daemon [_thread_blocked, id=79456, stack(0x0000008b44a00000,0x0000008b44b00000)]
  0x000002842e36a800 JavaThread "Common-Cleaner" daemon [_thread_blocked, id=74316, stack(0x0000008b44c00000,0x0000008b44d00000)]
  0x000002842e73b000 JavaThread "Java2D Disposer" daemon [_thread_blocked, id=77156, stack(0x0000008b44d00000,0x0000008b44e00000)]
  0x000002842e73e000 JavaThread "AWT-Shutdown" [_thread_blocked, id=77252, stack(0x0000008b44e00000,0x0000008b44f00000)]
  0x000002842e73e800 JavaThread "AWT-Windows" daemon [_thread_blocked, id=68440, stack(0x0000008b44f00000,0x0000008b45000000)]
  0x000002842eaba000 JavaThread "Swing-Shell" daemon [_thread_blocked, id=71972, stack(0x0000008b45100000,0x0000008b45200000)]
  0x000002842eaf1000 JavaThread "AWT-EventQueue-0" [_thread_blocked, id=76416, stack(0x0000008b45200000,0x0000008b45300000)]
  0x00000284338dc800 JavaThread "Thread-0" daemon [_thread_blocked, id=77588, stack(0x0000008b45800000,0x0000008b45900000)]
  0x00000284338da000 JavaThread "DestroyJavaVM" [_thread_blocked, id=32836, stack(0x0000008b43900000,0x0000008b43a00000)]
  0x00000284338de000 JavaThread "TimerQueue" daemon [_thread_blocked, id=61784, stack(0x0000008b45900000,0x0000008b45a00000)]
  0x00000284338dd800 JavaThread "pool-2-thread-1" daemon [_thread_blocked, id=77028, stack(0x0000008b44800000,0x0000008b44900000)]
  0x00000284338d9000 JavaThread "pool-3-thread-1" daemon [_thread_blocked, id=74240, stack(0x0000008b44900000,0x0000008b44a00000)]
  0x00000284338e0000 JavaThread "pool-4-thread-1" daemon [_thread_blocked, id=78192, stack(0x0000008b45a00000,0x0000008b45b00000)]
  0x00000284338db000 JavaThread "pool-5-thread-1" daemon [_thread_blocked, id=4976, stack(0x0000008b46900000,0x0000008b46a00000)]
  0x00000284338db800 JavaThread "pool-6-thread-1" daemon [_thread_blocked, id=76356, stack(0x0000008b46a00000,0x0000008b46b00000)]
  0x00000284354a8000 JavaThread "pool-7-thread-1" daemon [_thread_blocked, id=78252, stack(0x0000008b46b00000,0x0000008b46c00000)]
  0x00000284354a4800 JavaThread "pool-8-thread-1" daemon [_thread_blocked, id=52292, stack(0x0000008b46c00000,0x0000008b46d00000)]
  0x00000284354a5800 JavaThread "pool-9-thread-1" daemon [_thread_blocked, id=64284, stack(0x0000008b46d00000,0x0000008b46e00000)]
  0x00000284354a8800 JavaThread "pool-10-thread-1" daemon [_thread_blocked, id=73764, stack(0x0000008b46e00000,0x0000008b46f00000)]
  0x00000284354a6000 JavaThread "pool-11-thread-1" daemon [_thread_blocked, id=77840, stack(0x0000008b46f00000,0x0000008b47000000)]
  0x00000284354a7000 JavaThread "pool-12-thread-1" daemon [_thread_blocked, id=74052, stack(0x0000008b47000000,0x0000008b47100000)]
  0x00000284354a9800 JavaThread "pool-13-thread-1" daemon [_thread_blocked, id=56332, stack(0x0000008b47100000,0x0000008b47200000)]
  0x00000284354a3800 JavaThread "pool-14-thread-1" daemon [_thread_blocked, id=68824, stack(0x0000008b47d00000,0x0000008b47e00000)]
  0x00000284353ee000 JavaThread "C1 CompilerThread1" daemon [_thread_blocked, id=67596, stack(0x0000008b43600000,0x0000008b43700000)]
  0x0000028433d5d000 JavaThread "C1 CompilerThread2" daemon [_thread_blocked, id=20932, stack(0x0000008b43700000,0x0000008b43800000)]
  0x0000028433ff2800 JavaThread "C2 CompilerThread1" daemon [_thread_blocked, id=8944, stack(0x0000008b43800000,0x0000008b43900000)]
  0x000002842e67a800 JavaThread "C2 CompilerThread2" daemon [_thread_blocked, id=79548, stack(0x0000008b45300000,0x0000008b45400000)]

Other Threads:
=>0x000002842e12d800 VMThread "VM Thread" [stack: 0x0000008b43f00000,0x0000008b44000000] [id=77636]
  0x000002842e369000 WatcherThread [stack: 0x0000008b44b00000,0x0000008b44c00000] [id=79828]
  0x00000277c7d07000 GCTaskThread "GC Thread#0" [stack: 0x0000008b43a00000,0x0000008b43b00000] [id=70900]
  0x000002843403a000 GCTaskThread "GC Thread#1" [stack: 0x0000008b45b00000,0x0000008b45c00000] [id=79656]
  0x0000028433f32800 GCTaskThread "GC Thread#2" [stack: 0x0000008b45c00000,0x0000008b45d00000] [id=78324]
  0x0000028433f33800 GCTaskThread "GC Thread#3" [stack: 0x0000008b45d00000,0x0000008b45e00000] [id=60284]
  0x0000028433f34000 GCTaskThread "GC Thread#4" [stack: 0x0000008b45e00000,0x0000008b45f00000] [id=45276]
  0x0000028433a6b800 GCTaskThread "GC Thread#5" [stack: 0x0000008b45f00000,0x0000008b46000000] [id=75416]
  0x0000028433a6f000 GCTaskThread "GC Thread#6" [stack: 0x0000008b46000000,0x0000008b46100000] [id=76704]
  0x0000028433abb000 GCTaskThread "GC Thread#7" [stack: 0x0000008b46100000,0x0000008b46200000] [id=77484]
  0x0000028433abc000 GCTaskThread "GC Thread#8" [stack: 0x0000008b46200000,0x0000008b46300000] [id=71748]
  0x0000028433abf000 GCTaskThread "GC Thread#9" [stack: 0x0000008b46300000,0x0000008b46400000] [id=79716]
  0x0000028433ac0800 GCTaskThread "GC Thread#10" [stack: 0x0000008b46400000,0x0000008b46500000] [id=79184]
  0x0000028433ac1000 GCTaskThread "GC Thread#11" [stack: 0x0000008b46500000,0x0000008b46600000] [id=79156]
  0x0000028433ac1800 GCTaskThread "GC Thread#12" [stack: 0x0000008b46600000,0x0000008b46700000] [id=73464]
  0x00000277c7d39000 ConcurrentGCThread "G1 Main Marker" [stack: 0x0000008b43b00000,0x0000008b43c00000] [id=71296]
  0x00000277c7d3b800 ConcurrentGCThread "G1 Conc#0" [stack: 0x0000008b43c00000,0x0000008b43d00000] [id=77740]
  0x000002843553e000 ConcurrentGCThread "G1 Conc#1" [stack: 0x0000008b46700000,0x0000008b46800000] [id=46120]
  0x00000284338bb000 ConcurrentGCThread "G1 Conc#2" [stack: 0x0000008b46800000,0x0000008b46900000] [id=78764]
  0x000002842d013800 ConcurrentGCThread "G1 Refine#0" [stack: 0x0000008b43d00000,0x0000008b43e00000] [id=67168]
  0x00000284350ba800 ConcurrentGCThread "G1 Refine#1" [stack: 0x0000008b47300000,0x0000008b47400000] [id=59352]
  0x0000028435381800 ConcurrentGCThread "G1 Refine#2" [stack: 0x0000008b47400000,0x0000008b47500000] [id=59956]
  0x00000284357b1000 ConcurrentGCThread "G1 Refine#3" [stack: 0x0000008b47500000,0x0000008b47600000] [id=69216]
  0x000002842e80f000 ConcurrentGCThread "G1 Refine#4" [stack: 0x0000008b47600000,0x0000008b47700000] [id=78332]
  0x00000284356d6800 ConcurrentGCThread "G1 Refine#5" [stack: 0x0000008b45000000,0x0000008b45100000] [id=53632]
  0x00000284357b1800 ConcurrentGCThread "G1 Refine#6" [stack: 0x0000008b47200000,0x0000008b47300000] [id=79500]
  0x00000284357b2000 ConcurrentGCThread "G1 Refine#7" [stack: 0x0000008b47700000,0x0000008b47800000] [id=71164]
  0x0000028435790000 ConcurrentGCThread "G1 Refine#8" [stack: 0x0000008b47800000,0x0000008b47900000] [id=65904]
  0x0000028435790800 ConcurrentGCThread "G1 Refine#9" [stack: 0x0000008b47900000,0x0000008b47a00000] [id=68776]
  0x0000028434087000 ConcurrentGCThread "G1 Refine#10" [stack: 0x0000008b45400000,0x0000008b45500000] [id=26124]
  0x000002842d015800 ConcurrentGCThread "G1 Young RemSet Sampling" [stack: 0x0000008b43e00000,0x0000008b43f00000] [id=67516]

Threads with active compile tasks:

VM state:at safepoint (normal execution)

VM Mutex/Monitor currently owned by a thread:  ([mutex/lock_event])
[0x00000277c7c94fe0] Threads_lock - owner thread: 0x000002842e12d800
[0x00000277c7c93f00] Heap_lock - owner thread: 0x00000277c7d39000

Heap:
 garbage-first heap   total 2457600K, used 1448366K [0x00000277e8800000, 0x00000283e8800000)
  region size 8192K, 2 young (16384K), 1 survivors (8192K)
 Metaspace       used 27990K, capacity 28300K, committed 28416K, reserved 28672K
Heap Regions: E=young(eden), S=young(survivor), O=old, HS=humongous(starts), HC=humongous(continues), CS=collection set, F=free, OA=open archive, CA=closed archive, TAMS=top-at-mark-start (previous, next)
|   0|0x00000277e8800000, 0x00000277e9000000, 0x00000277e9000000|100%| O|  |TAMS 0x00000277e9000000, 0x00000277e8800000| Updating 
|   1|0x00000277e9000000, 0x00000277e9800000, 0x00000277e9800000|100%| O|  |TAMS 0x00000277e9800000, 0x00000277e9000000| Updating 
|   2|0x00000277e9800000, 0x00000277ea000000, 0x00000277ea000000|100%| O|  |TAMS 0x00000277ea000000, 0x00000277e9800000| Updating 
|   3|0x00000277ea000000, 0x00000277ea800000, 0x00000277ea800000|100%| O|  |TAMS 0x00000277ea800000, 0x00000277ea000000| Updating 
|   4|0x00000277ea800000, 0x00000277eb000000, 0x00000277eb000000|100%| O|  |TAMS 0x00000277eb000000, 0x00000277ea800000| Updating 
|   5|0x00000277eb000000, 0x00000277eb800000, 0x00000277eb800000|100%| O|  |TAMS 0x00000277eb800000, 0x00000277eb000000| Updating 
|   6|0x00000277eb800000, 0x00000277ec000000, 0x00000277ec000000|100%| O|  |TAMS 0x00000277ec000000, 0x00000277eb800000| Updating 
|   7|0x00000277ec000000, 0x00000277ec800000, 0x00000277ec800000|100%| O|  |TAMS 0x00000277ec800000, 0x00000277ec000000| Updating 
|   8|0x00000277ec800000, 0x00000277ed000000, 0x00000277ed000000|100%| O|  |TAMS 0x00000277ed000000, 0x00000277ec800000| Updating 
|   9|0x00000277ed000000, 0x00000277ed800000, 0x00000277ed800000|100%| O|  |TAMS 0x00000277ed800000, 0x00000277ed000000| Updating 
|  10|0x00000277ed800000, 0x00000277ee000000, 0x00000277ee000000|100%| O|  |TAMS 0x00000277ee000000, 0x00000277ed800000| Updating 
|  11|0x00000277ee000000, 0x00000277ee1b4400, 0x00000277ee800000| 21%| O|  |TAMS 0x00000277ee1b4400, 0x00000277ee000000| Updating 
|  12|0x00000277ee800000, 0x00000277ef000000, 0x00000277ef000000|100%| O|  |TAMS 0x00000277ef000000, 0x00000277ee800000| Updating 
|  13|0x00000277ef000000, 0x00000277ef800000, 0x00000277ef800000|100%| O|  |TAMS 0x00000277ef800000, 0x00000277ef000000| Updating 
|  14|0x00000277ef800000, 0x00000277f0000000, 0x00000277f0000000|100%| O|  |TAMS 0x00000277efac0800, 0x00000277ef800000| Updating 
|  15|0x00000277f0000000, 0x00000277f0800000, 0x00000277f0800000|100%| O|  |TAMS 0x00000277f0000000, 0x00000277f0000000| Untracked 
|  16|0x00000277f0800000, 0x00000277f1000000, 0x00000277f1000000|100%| O|  |TAMS 0x00000277f0800000, 0x00000277f0800000| Untracked 
|  17|0x00000277f1000000, 0x00000277f13d2400, 0x00000277f1800000| 47%| O|  |TAMS 0x00000277f1000000, 0x00000277f1000000| Updating 
|  18|0x00000277f1800000, 0x00000277f1800000, 0x00000277f2000000|  0%| F|  |TAMS 0x00000277f1800000, 0x00000277f1800000| Untracked 
|  19|0x00000277f2000000, 0x00000277f2000000, 0x00000277f2800000|  0%| F|  |TAMS 0x00000277f2000000, 0x00000277f2000000| Untracked 
|  20|0x00000277f2800000, 0x00000277f2800000, 0x00000277f3000000|  0%| F|  |TAMS 0x00000277f2800000, 0x00000277f2800000| Untracked 
|  21|0x00000277f3000000, 0x00000277f3000000, 0x00000277f3800000|  0%| F|  |TAMS 0x00000277f3000000, 0x00000277f3000000| Untracked 
|  22|0x00000277f3800000, 0x00000277f3800000, 0x00000277f4000000|  0%| F|  |TAMS 0x00000277f3800000, 0x00000277f3800000| Untracked 
|  23|0x00000277f4000000, 0x00000277f4000000, 0x00000277f4800000|  0%| F|  |TAMS 0x00000277f4000000, 0x00000277f4000000| Untracked 
|  24|0x00000277f4800000, 0x00000277f4800000, 0x00000277f5000000|  0%| F|  |TAMS 0x00000277f4800000, 0x00000277f4800000| Untracked 
|  25|0x00000277f5000000, 0x00000277f5000000, 0x00000277f5800000|  0%| F|  |TAMS 0x00000277f5000000, 0x00000277f5000000| Untracked 
|  26|0x00000277f5800000, 0x00000277f5800000, 0x00000277f6000000|  0%| F|  |TAMS 0x00000277f5800000, 0x00000277f5800000| Untracked 
|  27|0x00000277f6000000, 0x00000277f6000000, 0x00000277f6800000|  0%| F|  |TAMS 0x00000277f6000000, 0x00000277f6000000| Untracked 
|  28|0x00000277f6800000, 0x00000277f6800000, 0x00000277f7000000|  0%| F|  |TAMS 0x00000277f6800000, 0x00000277f6800000| Untracked 
|  29|0x00000277f7000000, 0x00000277f7000000, 0x00000277f7800000|  0%| F|  |TAMS 0x00000277f7000000, 0x00000277f7000000| Untracked 
|  30|0x00000277f7800000, 0x00000277f7800000, 0x00000277f8000000|  0%| F|  |TAMS 0x00000277f7800000, 0x00000277f7800000| Untracked 
|  31|0x00000277f8000000, 0x00000277f8000000, 0x00000277f8800000|  0%| F|  |TAMS 0x00000277f8000000, 0x00000277f8000000| Untracked 
|  32|0x00000277f8800000, 0x00000277f8800000, 0x00000277f9000000|  0%| F|  |TAMS 0x00000277f8800000, 0x00000277f8800000| Untracked 
|  33|0x00000277f9000000, 0x00000277f9000000, 0x00000277f9800000|  0%| F|  |TAMS 0x00000277f9000000, 0x00000277f9000000| Untracked 
|  34|0x00000277f9800000, 0x00000277f9800000, 0x00000277fa000000|  0%| F|  |TAMS 0x00000277f9800000, 0x00000277f9800000| Untracked 
|  35|0x00000277fa000000, 0x00000277fa800000, 0x00000277fa800000|100%|HS|  |TAMS 0x00000277fa800000, 0x00000277fa000000| Complete 
|  36|0x00000277fa800000, 0x00000277fb000000, 0x00000277fb000000|100%|HC|  |TAMS 0x00000277fb000000, 0x00000277fa800000| Complete 
|  37|0x00000277fb000000, 0x00000277fb800000, 0x00000277fb800000|100%|HC|  |TAMS 0x00000277fb800000, 0x00000277fb000000| Complete 
|  38|0x00000277fb800000, 0x00000277fc000000, 0x00000277fc000000|100%|HC|  |TAMS 0x00000277fc000000, 0x00000277fb800000| Complete 
|  39|0x00000277fc000000, 0x00000277fc800000, 0x00000277fc800000|100%|HC|  |TAMS 0x00000277fc800000, 0x00000277fc000000| Complete 
|  40|0x00000277fc800000, 0x00000277fd000000, 0x00000277fd000000|100%|HC|  |TAMS 0x00000277fd000000, 0x00000277fc800000| Complete 
|  41|0x00000277fd000000, 0x00000277fd800000, 0x00000277fd800000|100%|HC|  |TAMS 0x00000277fd800000, 0x00000277fd000000| Complete 
|  42|0x00000277fd800000, 0x00000277fe000000, 0x00000277fe000000|100%|HC|  |TAMS 0x00000277fe000000, 0x00000277fd800000| Complete 
|  43|0x00000277fe000000, 0x00000277fe800000, 0x00000277fe800000|100%|HC|  |TAMS 0x00000277fe800000, 0x00000277fe000000| Complete 
|  44|0x00000277fe800000, 0x00000277ff000000, 0x00000277ff000000|100%|HC|  |TAMS 0x00000277ff000000, 0x00000277fe800000| Complete 
|  45|0x00000277ff000000, 0x00000277ff800000, 0x00000277ff800000|100%|HC|  |TAMS 0x00000277ff800000, 0x00000277ff000000| Complete 
|  46|0x00000277ff800000, 0x0000027800000000, 0x0000027800000000|100%|HC|  |TAMS 0x0000027800000000, 0x00000277ff800000| Complete 
|  47|0x0000027800000000, 0x0000027800800000, 0x0000027800800000|100%|HC|  |TAMS 0x0000027800800000, 0x0000027800000000| Complete 
|  48|0x0000027800800000, 0x0000027801000000, 0x0000027801000000|100%|HC|  |TAMS 0x0000027801000000, 0x0000027800800000| Complete 
|  49|0x0000027801000000, 0x0000027801800000, 0x0000027801800000|100%|HC|  |TAMS 0x0000027801800000, 0x0000027801000000| Complete 
|  50|0x0000027801800000, 0x0000027802000000, 0x0000027802000000|100%|HC|  |TAMS 0x0000027802000000, 0x0000027801800000| Complete 
|  51|0x0000027802000000, 0x0000027802800000, 0x0000027802800000|100%|HC|  |TAMS 0x0000027802800000, 0x0000027802000000| Complete 
|  52|0x0000027802800000, 0x0000027803000000, 0x0000027803000000|100%|HC|  |TAMS 0x0000027803000000, 0x0000027802800000| Complete 
|  53|0x0000027803000000, 0x0000027803800000, 0x0000027803800000|100%|HC|  |TAMS 0x0000027803800000, 0x0000027803000000| Complete 
|  54|0x0000027803800000, 0x0000027804000000, 0x0000027804000000|100%|HC|  |TAMS 0x0000027804000000, 0x0000027803800000| Complete 
|  55|0x0000027804000000, 0x0000027804800000, 0x0000027804800000|100%|HC|  |TAMS 0x0000027804800000, 0x0000027804000000| Complete 
|  56|0x0000027804800000, 0x0000027805000000, 0x0000027805000000|100%|HC|  |TAMS 0x0000027805000000, 0x0000027804800000| Complete 
|  57|0x0000027805000000, 0x0000027805800000, 0x0000027805800000|100%|HC|  |TAMS 0x0000027805800000, 0x0000027805000000| Complete 
|  58|0x0000027805800000, 0x0000027806000000, 0x0000027806000000|100%|HC|  |TAMS 0x0000027806000000, 0x0000027805800000| Complete 
|  59|0x0000027806000000, 0x0000027806800000, 0x0000027806800000|100%|HC|  |TAMS 0x0000027806800000, 0x0000027806000000| Complete 
|  60|0x0000027806800000, 0x0000027807000000, 0x0000027807000000|100%|HC|  |TAMS 0x0000027807000000, 0x0000027806800000| Complete 
|  61|0x0000027807000000, 0x0000027807800000, 0x0000027807800000|100%|HC|  |TAMS 0x0000027807800000, 0x0000027807000000| Complete 
|  62|0x0000027807800000, 0x0000027808000000, 0x0000027808000000|100%|HC|  |TAMS 0x0000027808000000, 0x0000027807800000| Complete 
|  63|0x0000027808000000, 0x0000027808800000, 0x0000027808800000|100%|HC|  |TAMS 0x0000027808800000, 0x0000027808000000| Complete 
|  64|0x0000027808800000, 0x0000027809000000, 0x0000027809000000|100%|HC|  |TAMS 0x0000027809000000, 0x0000027808800000| Complete 
|  65|0x0000027809000000, 0x0000027809800000, 0x0000027809800000|100%|HC|  |TAMS 0x0000027809800000, 0x0000027809000000| Complete 
|  66|0x0000027809800000, 0x000002780a000000, 0x000002780a000000|100%|HC|  |TAMS 0x000002780a000000, 0x0000027809800000| Complete 
|  67|0x000002780a000000, 0x000002780a800000, 0x000002780a800000|100%|HC|  |TAMS 0x000002780a800000, 0x000002780a000000| Complete 
|  68|0x000002780a800000, 0x000002780b000000, 0x000002780b000000|100%|HC|  |TAMS 0x000002780b000000, 0x000002780a800000| Complete 
|  69|0x000002780b000000, 0x000002780b800000, 0x000002780b800000|100%|HC|  |TAMS 0x000002780b800000, 0x000002780b000000| Complete 
|  70|0x000002780b800000, 0x000002780c000000, 0x000002780c000000|100%|HC|  |TAMS 0x000002780c000000, 0x000002780b800000| Complete 
|  71|0x000002780c000000, 0x000002780c800000, 0x000002780c800000|100%|HC|  |TAMS 0x000002780c800000, 0x000002780c000000| Complete 
|  72|0x000002780c800000, 0x000002780d000000, 0x000002780d000000|100%|HC|  |TAMS 0x000002780d000000, 0x000002780c800000| Complete 
|  73|0x000002780d000000, 0x000002780d800000, 0x000002780d800000|100%|HC|  |TAMS 0x000002780d800000, 0x000002780d000000| Complete 
|  74|0x000002780d800000, 0x000002780e000000, 0x000002780e000000|100%|HC|  |TAMS 0x000002780e000000, 0x000002780d800000| Complete 
|  75|0x000002780e000000, 0x000002780e800000, 0x000002780e800000|100%|HC|  |TAMS 0x000002780e800000, 0x000002780e000000| Complete 
|  76|0x000002780e800000, 0x000002780f000000, 0x000002780f000000|100%|HC|  |TAMS 0x000002780f000000, 0x000002780e800000| Complete 
|  77|0x000002780f000000, 0x000002780f800000, 0x000002780f800000|100%|HC|  |TAMS 0x000002780f800000, 0x000002780f000000| Complete 
|  78|0x000002780f800000, 0x0000027810000000, 0x0000027810000000|100%|HC|  |TAMS 0x0000027810000000, 0x000002780f800000| Complete 
|  79|0x0000027810000000, 0x0000027810800000, 0x0000027810800000|100%|HC|  |TAMS 0x0000027810800000, 0x0000027810000000| Complete 
|  80|0x0000027810800000, 0x0000027811000000, 0x0000027811000000|100%|HC|  |TAMS 0x0000027811000000, 0x0000027810800000| Complete 
|  81|0x0000027811000000, 0x0000027811800000, 0x0000027811800000|100%|HC|  |TAMS 0x0000027811800000, 0x0000027811000000| Complete 
|  82|0x0000027811800000, 0x0000027812000000, 0x0000027812000000|100%|HC|  |TAMS 0x0000027812000000, 0x0000027811800000| Complete 
|  83|0x0000027812000000, 0x0000027812800000, 0x0000027812800000|100%|HC|  |TAMS 0x0000027812800000, 0x0000027812000000| Complete 
|  84|0x0000027812800000, 0x0000027813000000, 0x0000027813000000|100%|HC|  |TAMS 0x0000027813000000, 0x0000027812800000| Complete 
|  85|0x0000027813000000, 0x0000027813800000, 0x0000027813800000|100%|HC|  |TAMS 0x0000027813800000, 0x0000027813000000| Complete 
|  86|0x0000027813800000, 0x0000027814000000, 0x0000027814000000|100%|HC|  |TAMS 0x0000027814000000, 0x0000027813800000| Complete 
|  87|0x0000027814000000, 0x0000027814800000, 0x0000027814800000|100%|HC|  |TAMS 0x0000027814800000, 0x0000027814000000| Complete 
|  88|0x0000027814800000, 0x0000027815000000, 0x0000027815000000|100%|HC|  |TAMS 0x0000027815000000, 0x0000027814800000| Complete 
|  89|0x0000027815000000, 0x0000027815800000, 0x0000027815800000|100%|HC|  |TAMS 0x0000027815800000, 0x0000027815000000| Complete 
|  90|0x0000027815800000, 0x0000027816000000, 0x0000027816000000|100%|HC|  |TAMS 0x0000027816000000, 0x0000027815800000| Complete 
|  91|0x0000027816000000, 0x0000027816800000, 0x0000027816800000|100%|HC|  |TAMS 0x0000027816800000, 0x0000027816000000| Complete 
|  92|0x0000027816800000, 0x0000027817000000, 0x0000027817000000|100%|HC|  |TAMS 0x0000027817000000, 0x0000027816800000| Complete 
|  93|0x0000027817000000, 0x0000027817800000, 0x0000027817800000|100%|HC|  |TAMS 0x0000027817800000, 0x0000027817000000| Complete 
|  94|0x0000027817800000, 0x0000027818000000, 0x0000027818000000|100%|HC|  |TAMS 0x0000027818000000, 0x0000027817800000| Complete 
|  95|0x0000027818000000, 0x0000027818800000, 0x0000027818800000|100%|HC|  |TAMS 0x0000027818800000, 0x0000027818000000| Complete 
|  96|0x0000027818800000, 0x0000027819000000, 0x0000027819000000|100%|HC|  |TAMS 0x0000027819000000, 0x0000027818800000| Complete 
|  97|0x0000027819000000, 0x0000027819800000, 0x0000027819800000|100%|HC|  |TAMS 0x0000027819800000, 0x0000027819000000| Complete 
|  98|0x0000027819800000, 0x000002781a000000, 0x000002781a000000|100%|HC|  |TAMS 0x000002781a000000, 0x0000027819800000| Complete 
|  99|0x000002781a000000, 0x000002781a800000, 0x000002781a800000|100%|HC|  |TAMS 0x000002781a800000, 0x000002781a000000| Complete 
| 100|0x000002781a800000, 0x000002781b000000, 0x000002781b000000|100%|HC|  |TAMS 0x000002781b000000, 0x000002781a800000| Complete 
| 101|0x000002781b000000, 0x000002781b800000, 0x000002781b800000|100%|HC|  |TAMS 0x000002781b800000, 0x000002781b000000| Complete 
| 102|0x000002781b800000, 0x000002781c000000, 0x000002781c000000|100%|HC|  |TAMS 0x000002781c000000, 0x000002781b800000| Complete 
| 103|0x000002781c000000, 0x000002781c800000, 0x000002781c800000|100%|HC|  |TAMS 0x000002781c800000, 0x000002781c000000| Complete 
| 104|0x000002781c800000, 0x000002781d000000, 0x000002781d000000|100%|HC|  |TAMS 0x000002781d000000, 0x000002781c800000| Complete 
| 105|0x000002781d000000, 0x000002781d800000, 0x000002781d800000|100%|HC|  |TAMS 0x000002781d800000, 0x000002781d000000| Complete 
| 106|0x000002781d800000, 0x000002781e000000, 0x000002781e000000|100%|HC|  |TAMS 0x000002781e000000, 0x000002781d800000| Complete 
| 107|0x000002781e000000, 0x000002781e800000, 0x000002781e800000|100%|HC|  |TAMS 0x000002781e800000, 0x000002781e000000| Complete 
| 108|0x000002781e800000, 0x000002781f000000, 0x000002781f000000|100%|HC|  |TAMS 0x000002781f000000, 0x000002781e800000| Complete 
| 109|0x000002781f000000, 0x000002781f800000, 0x000002781f800000|100%|HC|  |TAMS 0x000002781f800000, 0x000002781f000000| Complete 
| 110|0x000002781f800000, 0x0000027820000000, 0x0000027820000000|100%|HC|  |TAMS 0x0000027820000000, 0x000002781f800000| Complete 
| 111|0x0000027820000000, 0x0000027820800000, 0x0000027820800000|100%|HC|  |TAMS 0x0000027820800000, 0x0000027820000000| Complete 
| 112|0x0000027820800000, 0x0000027821000000, 0x0000027821000000|100%|HC|  |TAMS 0x0000027821000000, 0x0000027820800000| Complete 
| 113|0x0000027821000000, 0x0000027821800000, 0x0000027821800000|100%|HC|  |TAMS 0x0000027821800000, 0x0000027821000000| Complete 
| 114|0x0000027821800000, 0x0000027822000000, 0x0000027822000000|100%|HC|  |TAMS 0x0000027822000000, 0x0000027821800000| Complete 
| 115|0x0000027822000000, 0x0000027822800000, 0x0000027822800000|100%|HC|  |TAMS 0x0000027822800000, 0x0000027822000000| Complete 
| 116|0x0000027822800000, 0x0000027823000000, 0x0000027823000000|100%|HC|  |TAMS 0x0000027823000000, 0x0000027822800000| Complete 
| 117|0x0000027823000000, 0x0000027823800000, 0x0000027823800000|100%|HC|  |TAMS 0x0000027823800000, 0x0000027823000000| Complete 
| 118|0x0000027823800000, 0x0000027824000000, 0x0000027824000000|100%|HC|  |TAMS 0x0000027824000000, 0x0000027823800000| Complete 
| 119|0x0000027824000000, 0x0000027824800000, 0x0000027824800000|100%|HC|  |TAMS 0x0000027824800000, 0x0000027824000000| Complete 
| 120|0x0000027824800000, 0x0000027825000000, 0x0000027825000000|100%|HC|  |TAMS 0x0000027825000000, 0x0000027824800000| Complete 
| 121|0x0000027825000000, 0x0000027825800000, 0x0000027825800000|100%|HC|  |TAMS 0x0000027825800000, 0x0000027825000000| Complete 
| 122|0x0000027825800000, 0x0000027826000000, 0x0000027826000000|100%|HC|  |TAMS 0x0000027826000000, 0x0000027825800000| Complete 
| 123|0x0000027826000000, 0x0000027826800000, 0x0000027826800000|100%|HC|  |TAMS 0x0000027826800000, 0x0000027826000000| Complete 
| 124|0x0000027826800000, 0x0000027827000000, 0x0000027827000000|100%|HC|  |TAMS 0x0000027827000000, 0x0000027826800000| Complete 
| 125|0x0000027827000000, 0x0000027827800000, 0x0000027827800000|100%|HC|  |TAMS 0x0000027827800000, 0x0000027827000000| Complete 
| 126|0x0000027827800000, 0x0000027828000000, 0x0000027828000000|100%|HC|  |TAMS 0x0000027828000000, 0x0000027827800000| Complete 
| 127|0x0000027828000000, 0x0000027828800000, 0x0000027828800000|100%|HC|  |TAMS 0x0000027828800000, 0x0000027828000000| Complete 
| 128|0x0000027828800000, 0x0000027829000000, 0x0000027829000000|100%|HC|  |TAMS 0x0000027829000000, 0x0000027828800000| Complete 
| 129|0x0000027829000000, 0x0000027829800000, 0x0000027829800000|100%|HC|  |TAMS 0x0000027829800000, 0x0000027829000000| Complete 
| 130|0x0000027829800000, 0x000002782a000000, 0x000002782a000000|100%|HC|  |TAMS 0x000002782a000000, 0x0000027829800000| Complete 
| 131|0x000002782a000000, 0x000002782a800000, 0x000002782a800000|100%|HC|  |TAMS 0x000002782a800000, 0x000002782a000000| Complete 
| 132|0x000002782a800000, 0x000002782b000000, 0x000002782b000000|100%|HC|  |TAMS 0x000002782b000000, 0x000002782a800000| Complete 
| 133|0x000002782b000000, 0x000002782b800000, 0x000002782b800000|100%|HC|  |TAMS 0x000002782b800000, 0x000002782b000000| Complete 
| 134|0x000002782b800000, 0x000002782c000000, 0x000002782c000000|100%|HC|  |TAMS 0x000002782c000000, 0x000002782b800000| Complete 
| 135|0x000002782c000000, 0x000002782c800000, 0x000002782c800000|100%|HC|  |TAMS 0x000002782c800000, 0x000002782c000000| Complete 
| 136|0x000002782c800000, 0x000002782d000000, 0x000002782d000000|100%|HC|  |TAMS 0x000002782d000000, 0x000002782c800000| Complete 
| 137|0x000002782d000000, 0x000002782d800000, 0x000002782d800000|100%|HC|  |TAMS 0x000002782d800000, 0x000002782d000000| Complete 
| 138|0x000002782d800000, 0x000002782e000000, 0x000002782e000000|100%|HC|  |TAMS 0x000002782e000000, 0x000002782d800000| Complete 
| 139|0x000002782e000000, 0x000002782e800000, 0x000002782e800000|100%|HC|  |TAMS 0x000002782e800000, 0x000002782e000000| Complete 
| 140|0x000002782e800000, 0x000002782f000000, 0x000002782f000000|100%|HC|  |TAMS 0x000002782f000000, 0x000002782e800000| Complete 
| 141|0x000002782f000000, 0x000002782f800000, 0x000002782f800000|100%|HS|  |TAMS 0x000002782f000000, 0x000002782f000000| Complete 
| 142|0x000002782f800000, 0x0000027830000000, 0x0000027830000000|100%|HC|  |TAMS 0x000002782f800000, 0x000002782f800000| Complete 
| 143|0x0000027830000000, 0x0000027830800000, 0x0000027830800000|100%|HC|  |TAMS 0x0000027830000000, 0x0000027830000000| Complete 
| 144|0x0000027830800000, 0x0000027831000000, 0x0000027831000000|100%|HC|  |TAMS 0x0000027830800000, 0x0000027830800000| Complete 
| 145|0x0000027831000000, 0x0000027831800000, 0x0000027831800000|100%|HC|  |TAMS 0x0000027831000000, 0x0000027831000000| Complete 
| 146|0x0000027831800000, 0x0000027832000000, 0x0000027832000000|100%|HC|  |TAMS 0x0000027831800000, 0x0000027831800000| Complete 
| 147|0x0000027832000000, 0x0000027832800000, 0x0000027832800000|100%|HC|  |TAMS 0x0000027832000000, 0x0000027832000000| Complete 
| 148|0x0000027832800000, 0x0000027833000000, 0x0000027833000000|100%|HC|  |TAMS 0x0000027832800000, 0x0000027832800000| Complete 
| 149|0x0000027833000000, 0x0000027833800000, 0x0000027833800000|100%|HC|  |TAMS 0x0000027833000000, 0x0000027833000000| Complete 
| 150|0x0000027833800000, 0x0000027834000000, 0x0000027834000000|100%|HC|  |TAMS 0x0000027833800000, 0x0000027833800000| Complete 
| 151|0x0000027834000000, 0x0000027834800000, 0x0000027834800000|100%|HC|  |TAMS 0x0000027834000000, 0x0000027834000000| Complete 
| 152|0x0000027834800000, 0x0000027835000000, 0x0000027835000000|100%|HC|  |TAMS 0x0000027834800000, 0x0000027834800000| Complete 
| 153|0x0000027835000000, 0x0000027835800000, 0x0000027835800000|100%|HC|  |TAMS 0x0000027835000000, 0x0000027835000000| Complete 
| 154|0x0000027835800000, 0x0000027836000000, 0x0000027836000000|100%|HC|  |TAMS 0x0000027835800000, 0x0000027835800000| Complete 
| 155|0x0000027836000000, 0x0000027836800000, 0x0000027836800000|100%|HC|  |TAMS 0x0000027836000000, 0x0000027836000000| Complete 
| 156|0x0000027836800000, 0x0000027837000000, 0x0000027837000000|100%|HC|  |TAMS 0x0000027836800000, 0x0000027836800000| Complete 
| 157|0x0000027837000000, 0x0000027837800000, 0x0000027837800000|100%|HC|  |TAMS 0x0000027837000000, 0x0000027837000000| Complete 
| 158|0x0000027837800000, 0x0000027838000000, 0x0000027838000000|100%|HC|  |TAMS 0x0000027837800000, 0x0000027837800000| Complete 
| 159|0x0000027838000000, 0x0000027838800000, 0x0000027838800000|100%|HC|  |TAMS 0x0000027838000000, 0x0000027838000000| Complete 
| 160|0x0000027838800000, 0x0000027839000000, 0x0000027839000000|100%|HC|  |TAMS 0x0000027838800000, 0x0000027838800000| Complete 
| 161|0x0000027839000000, 0x0000027839800000, 0x0000027839800000|100%|HC|  |TAMS 0x0000027839000000, 0x0000027839000000| Complete 
| 162|0x0000027839800000, 0x000002783a000000, 0x000002783a000000|100%|HC|  |TAMS 0x0000027839800000, 0x0000027839800000| Complete 
| 163|0x000002783a000000, 0x000002783a800000, 0x000002783a800000|100%|HC|  |TAMS 0x000002783a000000, 0x000002783a000000| Complete 
| 164|0x000002783a800000, 0x000002783b000000, 0x000002783b000000|100%|HC|  |TAMS 0x000002783a800000, 0x000002783a800000| Complete 
| 165|0x000002783b000000, 0x000002783b800000, 0x000002783b800000|100%|HC|  |TAMS 0x000002783b000000, 0x000002783b000000| Complete 
| 166|0x000002783b800000, 0x000002783c000000, 0x000002783c000000|100%|HC|  |TAMS 0x000002783b800000, 0x000002783b800000| Complete 
| 167|0x000002783c000000, 0x000002783c800000, 0x000002783c800000|100%|HC|  |TAMS 0x000002783c000000, 0x000002783c000000| Complete 
| 168|0x000002783c800000, 0x000002783d000000, 0x000002783d000000|100%|HC|  |TAMS 0x000002783c800000, 0x000002783c800000| Complete 
| 169|0x000002783d000000, 0x000002783d800000, 0x000002783d800000|100%|HC|  |TAMS 0x000002783d000000, 0x000002783d000000| Complete 
| 170|0x000002783d800000, 0x000002783e000000, 0x000002783e000000|100%|HC|  |TAMS 0x000002783d800000, 0x000002783d800000| Complete 
| 171|0x000002783e000000, 0x000002783e800000, 0x000002783e800000|100%|HC|  |TAMS 0x000002783e000000, 0x000002783e000000| Complete 
| 172|0x000002783e800000, 0x000002783f000000, 0x000002783f000000|100%|HC|  |TAMS 0x000002783e800000, 0x000002783e800000| Complete 
| 173|0x000002783f000000, 0x000002783f800000, 0x000002783f800000|100%|HC|  |TAMS 0x000002783f000000, 0x000002783f000000| Complete 
| 174|0x000002783f800000, 0x0000027840000000, 0x0000027840000000|100%|HC|  |TAMS 0x000002783f800000, 0x000002783f800000| Complete 
| 175|0x0000027840000000, 0x0000027840800000, 0x0000027840800000|100%|HC|  |TAMS 0x0000027840000000, 0x0000027840000000| Complete 
| 176|0x0000027840800000, 0x0000027841000000, 0x0000027841000000|100%|HC|  |TAMS 0x0000027840800000, 0x0000027840800000| Complete 
| 177|0x0000027841000000, 0x0000027841800000, 0x0000027841800000|100%|HC|  |TAMS 0x0000027841000000, 0x0000027841000000| Complete 
| 178|0x0000027841800000, 0x0000027842000000, 0x0000027842000000|100%|HC|  |TAMS 0x0000027841800000, 0x0000027841800000| Complete 
| 179|0x0000027842000000, 0x0000027842800000, 0x0000027842800000|100%|HC|  |TAMS 0x0000027842000000, 0x0000027842000000| Complete 
| 180|0x0000027842800000, 0x0000027843000000, 0x0000027843000000|100%|HC|  |TAMS 0x0000027842800000, 0x0000027842800000| Complete 
| 181|0x0000027843000000, 0x0000027843800000, 0x0000027843800000|100%|HC|  |TAMS 0x0000027843000000, 0x0000027843000000| Complete 
| 182|0x0000027843800000, 0x0000027844000000, 0x0000027844000000|100%|HC|  |TAMS 0x0000027843800000, 0x0000027843800000| Complete 
| 183|0x0000027844000000, 0x0000027844800000, 0x0000027844800000|100%|HC|  |TAMS 0x0000027844000000, 0x0000027844000000| Complete 
| 184|0x0000027844800000, 0x0000027845000000, 0x0000027845000000|100%|HC|  |TAMS 0x0000027844800000, 0x0000027844800000| Complete 
| 185|0x0000027845000000, 0x0000027845800000, 0x0000027845800000|100%|HC|  |TAMS 0x0000027845000000, 0x0000027845000000| Complete 
| 186|0x0000027845800000, 0x0000027846000000, 0x0000027846000000|100%|HC|  |TAMS 0x0000027845800000, 0x0000027845800000| Complete 
| 187|0x0000027846000000, 0x0000027846800000, 0x0000027846800000|100%|HC|  |TAMS 0x0000027846000000, 0x0000027846000000| Complete 
| 188|0x0000027846800000, 0x0000027847000000, 0x0000027847000000|100%|HC|  |TAMS 0x0000027846800000, 0x0000027846800000| Complete 
| 189|0x0000027847000000, 0x0000027847800000, 0x0000027847800000|100%|HC|  |TAMS 0x0000027847000000, 0x0000027847000000| Complete 
| 190|0x0000027847800000, 0x0000027848000000, 0x0000027848000000|100%|HC|  |TAMS 0x0000027847800000, 0x0000027847800000| Complete 
| 191|0x0000027848000000, 0x0000027848800000, 0x0000027848800000|100%|HC|  |TAMS 0x0000027848000000, 0x0000027848000000| Complete 
| 192|0x0000027848800000, 0x0000027849000000, 0x0000027849000000|100%|HC|  |TAMS 0x0000027848800000, 0x0000027848800000| Complete 
| 193|0x0000027849000000, 0x0000027849800000, 0x0000027849800000|100%|HC|  |TAMS 0x0000027849000000, 0x0000027849000000| Complete 
| 194|0x0000027849800000, 0x0000027849800000, 0x000002784a000000|  0%| F|  |TAMS 0x0000027849800000, 0x0000027849800000| Untracked 
| 195|0x000002784a000000, 0x000002784a000000, 0x000002784a800000|  0%| F|  |TAMS 0x000002784a000000, 0x000002784a000000| Untracked 
| 196|0x000002784a800000, 0x000002784a800000, 0x000002784b000000|  0%| F|  |TAMS 0x000002784a800000, 0x000002784a800000| Untracked 
| 197|0x000002784b000000, 0x000002784b000000, 0x000002784b800000|  0%| F|  |TAMS 0x000002784b000000, 0x000002784b000000| Untracked 
| 198|0x000002784b800000, 0x000002784b800000, 0x000002784c000000|  0%| F|  |TAMS 0x000002784b800000, 0x000002784b800000| Untracked 
| 199|0x000002784c000000, 0x000002784c000000, 0x000002784c800000|  0%| F|  |TAMS 0x000002784c000000, 0x000002784c000000| Untracked 
| 200|0x000002784c800000, 0x000002784c800000, 0x000002784d000000|  0%| F|  |TAMS 0x000002784c800000, 0x000002784c800000| Untracked 
| 201|0x000002784d000000, 0x000002784d000000, 0x000002784d800000|  0%| F|  |TAMS 0x000002784d000000, 0x000002784d000000| Untracked 
| 202|0x000002784d800000, 0x000002784d800000, 0x000002784e000000|  0%| F|  |TAMS 0x000002784d800000, 0x000002784d800000| Untracked 
| 203|0x000002784e000000, 0x000002784e000000, 0x000002784e800000|  0%| F|  |TAMS 0x000002784e000000, 0x000002784e000000| Untracked 
| 204|0x000002784e800000, 0x000002784e800000, 0x000002784f000000|  0%| F|  |TAMS 0x000002784e800000, 0x000002784e800000| Untracked 
| 205|0x000002784f000000, 0x000002784f000000, 0x000002784f800000|  0%| F|  |TAMS 0x000002784f000000, 0x000002784f000000| Untracked 
| 206|0x000002784f800000, 0x000002784f800000, 0x0000027850000000|  0%| F|  |TAMS 0x000002784f800000, 0x000002784f800000| Untracked 
| 207|0x0000027850000000, 0x00000278500ae6e0, 0x0000027850800000|  8%| E|  |TAMS 0x0000027850000000, 0x0000027850000000| Complete 
| 208|0x0000027850800000, 0x00000278508e50c8, 0x0000027851000000| 11%| S|CS|TAMS 0x0000027850800000, 0x0000027850800000| Complete 
|6143|0x00000283e8000000, 0x00000283e8800000, 0x00000283e8800000|100%| O|  |TAMS 0x00000283e8800000, 0x00000283e8000000| Updating 

Card table byte_map: [0x00000283ee800000,0x00000283f4800000] _byte_map_base: 0x00000282b28bc000

Marking Bits (Prev, Next): (CMBitMap*) 0x00000277c7d07b68, (CMBitMap*) 0x00000277c7d07b28
 Prev Bits: [0x00000283fa800000, 0x000002842a800000)
 Next Bits: [0x0000027780000000, 0x00000277b0000000)

Polling page: 0x00000277c5cc0000

Metaspace:

Usage:
   27.64 MB capacity,    27.33 MB ( 99%) used,   244.82 KB ( <1%) free+waste,    64.19 KB ( <1%) overhead. 

Virtual space:
     28.00 MB reserved,      27.75 MB (>99%) committed 

Chunk freelists:
52.00 KB

MaxMetaspaceSize: 17179869184.00 GB


CodeHeap 'non-profiled nmethods': size=119168Kb used=2857Kb max_used=2857Kb free=116310Kb
 bounds [0x00000277e06c0000, 0x00000277e0990000, 0x00000277e7b20000]
CodeHeap 'profiled nmethods': size=119104Kb used=9128Kb max_used=9128Kb free=109975Kb
 bounds [0x00000277d9270000, 0x00000277d9b60000, 0x00000277e06c0000]
CodeHeap 'non-nmethods': size=7488Kb used=2481Kb max_used=3076Kb free=5006Kb
 bounds [0x00000277d8b20000, 0x00000277d8e30000, 0x00000277d9270000]
 total_blobs=6574 nmethods=4268 adapters=575
 compilation: enabled
              stopped_count=0, restarted_count=0
 full_count=0

Compilation events (20 events):
Event: 271.572 Thread 0x0000028433ff2800 4229       4       java.lang.invoke.DirectMethodHandle$Holder::invokeStatic (14 bytes)
Event: 271.572 Thread 0x0000028433ff2800 nmethod 4229 0x00000277e097dd90 code [0x00000277e097df40, 0x00000277e097e028]
Event: 271.572 Thread 0x0000028433ff2800 4261  s    4       java.util.Hashtable::remove (133 bytes)
Event: 271.573 Thread 0x000002842e176000 4263   !   3       java.awt.datatransfer.SystemFlavorMap::convertMimeTypeToDataFlavors (414 bytes)
Event: 271.574 Thread 0x0000028433d5d000 4268       3       java.lang.invoke.MethodHandles$Lookup::getDirectMethodNoSecurityManager (18 bytes)
Event: 271.574 Thread 0x0000028433d5d000 nmethod 4268 0x00000277d9b4e490 code [0x00000277d9b4e640, 0x00000277d9b4e788]
Event: 271.575 Thread 0x000002842e67a800 nmethod 4260 0x00000277e097e410 code [0x00000277e097e640, 0x00000277e097ee78]
Event: 271.575 Thread 0x000002842e67a800 4262       4       java.awt.datatransfer.DataFlavor::hashCode (132 bytes)
Event: 271.576 Thread 0x0000028433ff2800 nmethod 4261 0x00000277e097f390 code [0x00000277e097f560, 0x00000277e097fd38]
Event: 271.576 Thread 0x0000028433ff2800 4264       4       java.util.LinkedHashMap::newNode (23 bytes)
Event: 271.576 Thread 0x000002842e176000 nmethod 4263 0x00000277d9b4e890 code [0x00000277d9b4f420, 0x00000277d9b572f8]
Event: 271.577 Thread 0x0000028433ff2800 nmethod 4264 0x00000277e097ff10 code [0x00000277e09800a0, 0x00000277e09804f8]
Event: 271.577 Thread 0x0000028433ff2800 4265       4       java.util.LinkedHashMap::afterNodeInsertion (40 bytes)
Event: 271.577 Thread 0x0000028433ff2800 nmethod 4265 0x00000277e0980590 code [0x00000277e0980720, 0x00000277e09807d8]
Event: 271.577 Thread 0x0000028433ff2800 4266       4       java.util.LinkedHashMap$LinkedHashIterator::nextNode (54 bytes)
Event: 271.578 Thread 0x0000028433ff2800 nmethod 4266 0x00000277e0980890 code [0x00000277e0980a40, 0x00000277e0980cd8]
Event: 271.578 Thread 0x0000028433ff2800 4267       4       java.util.LinkedHashMap$LinkedKeyIterator::next (8 bytes)
Event: 271.579 Thread 0x0000028433ff2800 nmethod 4267 0x00000277e0980d90 code [0x00000277e0980f40, 0x00000277e09811d8]
Event: 271.595 Thread 0x000002842e196000 nmethod 4250 0x00000277e0981310 code [0x00000277e0981aa0, 0x00000277e0984de0]
Event: 271.597 Thread 0x000002842e67a800 nmethod 4262 0x00000277e0986d10 code [0x00000277e09871e0, 0x00000277e0989800]

GC Heap History (20 events):
Event: 18.040 GC heap before
{Heap before GC invocations=11 (full 0):
 garbage-first heap   total 114688K, used 61498K [0x00000277e8800000, 0x00000283e8800000)
  region size 8192K, 2 young (16384K), 1 survivors (8192K)
 Metaspace       used 23608K, capacity 23888K, committed 24064K, reserved 24576K
}
Event: 18.042 GC heap after
{Heap after GC invocations=12 (full 0):
 garbage-first heap   total 114688K, used 58300K [0x00000277e8800000, 0x00000283e8800000)
  region size 8192K, 1 young (8192K), 1 survivors (8192K)
 Metaspace       used 23608K, capacity 23888K, committed 24064K, reserved 24576K
}
Event: 18.231 GC heap before
{Heap before GC invocations=12 (full 0):
 garbage-first heap   total 114688K, used 66492K [0x00000277e8800000, 0x00000283e8800000)
  region size 8192K, 2 young (16384K), 1 survivors (8192K)
 Metaspace       used 23608K, capacity 23888K, committed 24064K, reserved 24576K
}
Event: 18.234 GC heap after
{Heap after GC invocations=13 (full 0):
 garbage-first heap   total 114688K, used 63140K [0x00000277e8800000, 0x00000283e8800000)
  region size 8192K, 1 young (8192K), 1 survivors (8192K)
 Metaspace       used 23608K, capacity 23888K, committed 24064K, reserved 24576K
}
Event: 18.440 GC heap before
{Heap before GC invocations=14 (full 0):
 garbage-first heap   total 139264K, used 71332K [0x00000277e8800000, 0x00000283e8800000)
  region size 8192K, 2 young (16384K), 1 survivors (8192K)
 Metaspace       used 23608K, capacity 23888K, committed 24064K, reserved 24576K
}
Event: 18.443 GC heap after
{Heap after GC invocations=15 (full 0):
 garbage-first heap   total 139264K, used 68369K [0x00000277e8800000, 0x00000283e8800000)
  region size 8192K, 1 young (8192K), 1 survivors (8192K)
 Metaspace       used 23608K, capacity 23888K, committed 24064K, reserved 24576K
}
Event: 18.817 GC heap before
{Heap before GC invocations=15 (full 0):
 garbage-first heap   total 139264K, used 84753K [0x00000277e8800000, 0x00000283e8800000)
  region size 8192K, 3 young (24576K), 1 survivors (8192K)
 Metaspace       used 23608K, capacity 23888K, committed 24064K, reserved 24576K
}
Event: 18.822 GC heap after
{Heap after GC invocations=16 (full 0):
 garbage-first heap   total 139264K, used 78371K [0x00000277e8800000, 0x00000283e8800000)
  region size 8192K, 1 young (8192K), 1 survivors (8192K)
 Metaspace       used 23608K, capacity 23888K, committed 24064K, reserved 24576K
}
Event: 19.077 GC heap before
{Heap before GC invocations=17 (full 0):
 garbage-first heap   total 155648K, used 86563K [0x00000277e8800000, 0x00000283e8800000)
  region size 8192K, 2 young (16384K), 1 survivors (8192K)
 Metaspace       used 23610K, capacity 23888K, committed 24064K, reserved 24576K
}
Event: 19.081 GC heap after
{Heap after GC invocations=18 (full 0):
 garbage-first heap   total 155648K, used 84292K [0x00000277e8800000, 0x00000283e8800000)
  region size 8192K, 1 young (8192K), 1 survivors (8192K)
 Metaspace       used 23610K, capacity 23888K, committed 24064K, reserved 24576K
}
Event: 19.470 GC heap before
{Heap before GC invocations=18 (full 0):
 garbage-first heap   total 155648K, used 100676K [0x00000277e8800000, 0x00000283e8800000)
  region size 8192K, 3 young (24576K), 1 survivors (8192K)
 Metaspace       used 23612K, capacity 23888K, committed 24064K, reserved 24576K
}
Event: 19.474 GC heap after
{Heap after GC invocations=19 (full 0):
 garbage-first heap   total 155648K, used 93471K [0x00000277e8800000, 0x00000283e8800000)
  region size 8192K, 1 young (8192K), 1 survivors (8192K)
 Metaspace       used 23612K, capacity 23888K, committed 24064K, reserved 24576K
}
Event: 19.749 GC heap before
{Heap before GC invocations=20 (full 0):
 garbage-first heap   total 180224K, used 101663K [0x00000277e8800000, 0x00000283e8800000)
  region size 8192K, 2 young (16384K), 1 survivors (8192K)
 Metaspace       used 23612K, capacity 23888K, committed 24064K, reserved 24576K
}
Event: 19.752 GC heap after
{Heap after GC invocations=21 (full 0):
 garbage-first heap   total 180224K, used 98671K [0x00000277e8800000, 0x00000283e8800000)
  region size 8192K, 1 young (8192K), 1 survivors (8192K)
 Metaspace       used 23612K, capacity 23888K, committed 24064K, reserved 24576K
}
Event: 20.109 GC heap before
{Heap before GC invocations=21 (full 0):
 garbage-first heap   total 180224K, used 106863K [0x00000277e8800000, 0x00000283e8800000)
  region size 8192K, 3 young (24576K), 1 survivors (8192K)
 Metaspace       used 23612K, capacity 23888K, committed 24064K, reserved 24576K
}
Event: 20.115 GC heap after
{Heap after GC invocations=22 (full 0):
 garbage-first heap   total 614400K, used 108241K [0x00000277e8800000, 0x00000283e8800000)
  region size 8192K, 1 young (8192K), 1 survivors (8192K)
 Metaspace       used 23612K, capacity 23888K, committed 24064K, reserved 24576K
}
Event: 271.695 GC heap before
{Heap before GC invocations=23 (full 0):
 garbage-first heap   total 409600K, used 206545K [0x00000277e8800000, 0x00000283e8800000)
  region size 8192K, 15 young (122880K), 1 survivors (8192K)
 Metaspace       used 27988K, capacity 28300K, committed 28416K, reserved 28672K
}
Event: 271.708 GC heap after
{Heap after GC invocations=24 (full 0):
 garbage-first heap   total 409600K, used 143827K [0x00000277e8800000, 0x00000283e8800000)
  region size 8192K, 3 young (24576K), 3 survivors (24576K)
 Metaspace       used 27988K, capacity 28300K, committed 28416K, reserved 28672K
}
Event: 272.065 GC heap before
{Heap before GC invocations=25 (full 0):
 garbage-first heap   total 1720320K, used 1012179K [0x00000277e8800000, 0x00000283e8800000)
  region size 8192K, 4 young (32768K), 3 survivors (24576K)
 Metaspace       used 27990K, capacity 28300K, committed 28416K, reserved 28672K
}
Event: 272.071 GC heap after
{Heap after GC invocations=26 (full 0):
 garbage-first heap   total 1720320K, used 1014190K [0x00000277e8800000, 0x00000283e8800000)
  region size 8192K, 1 young (8192K), 1 survivors (8192K)
 Metaspace       used 27990K, capacity 28300K, committed 28416K, reserved 28672K
}

Deoptimization events (20 events):
Event: 45.710 Thread 0x000002842eaf1000 Uncommon trap: trap_request=0xffffffc6 fr.pc=0x00000277e0922c1c relative=0x000000000000053c
Event: 45.710 Thread 0x000002842eaf1000 Uncommon trap: reason=bimorphic_or_optimized_type_check action=maybe_recompile pc=0x00000277e0922c1c method=java.util.Vector.indexOf(Ljava/lang/Object;I)I @ 51 c2
Event: 45.710 Thread 0x000002842eaf1000 DEOPT PACKING pc=0x00000277e0922c1c sp=0x0000008b452fc370
Event: 45.710 Thread 0x000002842eaf1000 DEOPT UNPACKING pc=0x00000277d8b6912f sp=0x0000008b452fc318 mode 2
Event: 271.559 Thread 0x000002842eaf1000 Uncommon trap: trap_request=0xffffffc6 fr.pc=0x00000277e095b0e8 relative=0x0000000000000b68
Event: 271.559 Thread 0x000002842eaf1000 Uncommon trap: reason=bimorphic_or_optimized_type_check action=maybe_recompile pc=0x00000277e095b0e8 method=java.util.HashMap.putVal(ILjava/lang/Object;Ljava/lang/Object;ZZ)Ljava/lang/Object; @ 203 c2
Event: 271.559 Thread 0x000002842eaf1000 DEOPT PACKING pc=0x00000277e095b0e8 sp=0x0000008b452fda50
Event: 271.559 Thread 0x000002842eaf1000 DEOPT UNPACKING pc=0x00000277d8b6912f sp=0x0000008b452fd9e0 mode 2
Event: 271.559 Thread 0x000002842eaf1000 Uncommon trap: trap_request=0xffffffc6 fr.pc=0x00000277e095b0e8 relative=0x0000000000000b68
Event: 271.559 Thread 0x000002842eaf1000 Uncommon trap: reason=bimorphic_or_optimized_type_check action=maybe_recompile pc=0x00000277e095b0e8 method=java.util.HashMap.putVal(ILjava/lang/Object;Ljava/lang/Object;ZZ)Ljava/lang/Object; @ 203 c2
Event: 271.559 Thread 0x000002842eaf1000 DEOPT PACKING pc=0x00000277e095b0e8 sp=0x0000008b452fda50
Event: 271.559 Thread 0x000002842eaf1000 DEOPT UNPACKING pc=0x00000277d8b6912f sp=0x0000008b452fd9e0 mode 2
Event: 271.559 Thread 0x000002842eaf1000 Uncommon trap: trap_request=0xffffffc6 fr.pc=0x00000277e095b0e8 relative=0x0000000000000b68
Event: 271.559 Thread 0x000002842eaf1000 Uncommon trap: reason=bimorphic_or_optimized_type_check action=maybe_recompile pc=0x00000277e095b0e8 method=java.util.HashMap.putVal(ILjava/lang/Object;Ljava/lang/Object;ZZ)Ljava/lang/Object; @ 203 c2
Event: 271.559 Thread 0x000002842eaf1000 DEOPT PACKING pc=0x00000277e095b0e8 sp=0x0000008b452fda50
Event: 271.559 Thread 0x000002842eaf1000 DEOPT UNPACKING pc=0x00000277d8b6912f sp=0x0000008b452fd9e0 mode 2
Event: 271.559 Thread 0x000002842eaf1000 Uncommon trap: trap_request=0xffffffc6 fr.pc=0x00000277e095b0e8 relative=0x0000000000000b68
Event: 271.559 Thread 0x000002842eaf1000 Uncommon trap: reason=bimorphic_or_optimized_type_check action=maybe_recompile pc=0x00000277e095b0e8 method=java.util.HashMap.putVal(ILjava/lang/Object;Ljava/lang/Object;ZZ)Ljava/lang/Object; @ 203 c2
Event: 271.559 Thread 0x000002842eaf1000 DEOPT PACKING pc=0x00000277e095b0e8 sp=0x0000008b452fda50
Event: 271.559 Thread 0x000002842eaf1000 DEOPT UNPACKING pc=0x00000277d8b6912f sp=0x0000008b452fd9e0 mode 2

Classes unloaded (3 events):
Event: 17.379 Thread 0x000002842e12d800 Unloading class 0x000002842f29e658 'jdk/internal/reflect/GeneratedConstructorAccessor1'
Event: 17.379 Thread 0x000002842e12d800 Unloading class 0x000002842f2918b0 'provider/WzLoader$$Lambda$172'
Event: 17.379 Thread 0x000002842e12d800 Unloading class 0x000002842f290840 'java/lang/invoke/LambdaForm$DMH'

Classes redefined (0 events):
No events

Internal exceptions (20 events):
Event: 0.143 Thread 0x000002842e73e800 Exception <a 'java/lang/NoSuchMethodError'{0x00000278286c6d08}: 'void java.lang.invoke.DirectMethodHandle$Holder.invokeSpecial(java.lang.Object, java.lang.Object)'> (0x00000278286c6d08) 
thrown [./open/src/hotspot/share/interpreter/linkResolver.cpp, line 766]
Event: 0.156 Thread 0x00000277c7c99000 Exception <a 'java/lang/NoSuchMethodError'{0x000002782866e950}: 'void java.lang.invoke.DirectMethodHandle$Holder.invokeStaticInit(java.lang.Object)'> (0x000002782866e950) 
thrown [./open/src/hotspot/share/interpreter/linkResolver.cpp, line 766]
Event: 0.159 Thread 0x00000277c7c99000 Exception <a 'java/lang/NoSuchMethodError'{0x00000278286a5a30}: 'java.lang.Object java.lang.invoke.DirectMethodHandle$Holder.invokeStatic(java.lang.Object, int, java.lang.Object, java.lang.Object, java.lang.Object, java.lang.Object)'> (0x00000278286a5a30) 
thrown [./open/src/hotspot/share/interpreter/linkResolver.cpp, line 766]
Event: 0.159 Thread 0x00000277c7c99000 Exception <a 'java/lang/NoSuchMethodError'{0x00000278286ae3e0}: 'java.lang.Object java.lang.invoke.DirectMethodHandle$Holder.invokeStatic(java.lang.Object, int, java.lang.Object, java.lang.Object, java.lang.Object)'> (0x00000278286ae3e0) 
thrown [./open/src/hotspot/share/interpreter/linkResolver.cpp, line 766]
Event: 0.159 Thread 0x00000277c7c99000 Exception <a 'java/lang/NoSuchMethodError'{0x00000278286b30b8}: 'java.lang.Object java.lang.invoke.DirectMethodHandle$Holder.invokeSpecial(java.lang.Object, java.lang.Object, int, java.lang.Object, java.lang.Object, java.lang.Object)'> (0x00000278286b30b8) 
thrown [./open/src/hotspot/share/interpreter/linkResolver.cpp, line 766]
Event: 0.160 Thread 0x00000277c7c99000 Exception <a 'java/lang/NoSuchMethodError'{0x00000278287c83d8}: 'java.lang.Object java.lang.invoke.DirectMethodHandle$Holder.invokeStatic(java.lang.Object, int, java.lang.Object)'> (0x00000278287c83d8) 
thrown [./open/src/hotspot/share/interpreter/linkResolver.cpp, line 766]
Event: 0.169 Thread 0x00000277c7c99000 Exception <a 'java/lang/ClassNotFoundException'{0x0000027827870100}: com/sun/java/swing/plaf/windows/resources/spi/windowsProvider> (0x0000027827870100) 
thrown [./open/src/hotspot/share/classfile/systemDictionary.cpp, line 226]
Event: 0.169 Thread 0x00000277c7c99000 Exception <a 'java/lang/ClassNotFoundException'{0x0000027827875f50}: com/sun/swing/internal/plaf/basic/resources/spi/basicProvider> (0x0000027827875f50) 
thrown [./open/src/hotspot/share/classfile/systemDictionary.cpp, line 226]
Event: 0.485 Thread 0x00000277c7c99000 Exception <a 'java/lang/NoSuchMethodError'{0x0000027827190ae8}: 'java.lang.Object java.lang.invoke.DirectMethodHandle$Holder.invokeStaticInit(java.lang.Object, int, int, int, int)'> (0x0000027827190ae8) 
thrown [./open/src/hotspot/share/interpreter/linkResolver.cpp, line 766]
Event: 0.486 Thread 0x00000277c7c99000 Exception <a 'sun/nio/fs/WindowsException'{0x0000027827198958}> (0x0000027827198958) 
thrown [./open/src/hotspot/share/prims/jni.cpp, line 599]
Event: 0.487 Thread 0x00000277c7c99000 Exception <a 'java/lang/NoSuchMethodError'{0x000002782719b868}: 'int java.lang.invoke.DirectMethodHandle$Holder.invokeSpecialIFC(java.lang.Object, java.lang.Object, int)'> (0x000002782719b868) 
thrown [./open/src/hotspot/share/interpreter/linkResolver.cpp, line 766]
Event: 0.684 Thread 0x00000277c7c99000 Exception <a 'java/lang/NoSuchMethodError'{0x0000027826be2848}: 'java.lang.Object java.lang.invoke.DirectMethodHandle$Holder.invokeStaticInit(java.lang.Object, java.lang.Object, int, int, int, int)'> (0x0000027826be2848) 
thrown [./open/src/hotspot/share/interpreter/linkResolver.cpp, line 766]
Event: 0.741 Thread 0x00000277c7c99000 Exception <a 'java/lang/NoSuchMethodError'{0x0000027826fbcb80}: 'java.lang.Object java.lang.invoke.Invokers$Holder.linkToTargetMethod(java.lang.Object, int, java.lang.Object)'> (0x0000027826fbcb80) 
thrown [./open/src/hotspot/share/interpreter/linkResolver.cpp, line 766]
Event: 15.651 Thread 0x00000284338d9000 Exception <a 'java/lang/NoSuchMethodError'{0x00000277eae9bb10}: 'void java.lang.invoke.DirectMethodHandle$Holder.invokeStatic(java.lang.Object, java.lang.Object, java.lang.Object, java.lang.Object)'> (0x00000277eae9bb10) 
thrown [./open/src/hotspot/share/interpreter/linkResolver.cpp, line 766]
Event: 15.651 Thread 0x00000284338dd800 Exception <a 'java/lang/NoSuchMethodError'{0x00000277eaf37550}: 'void java.lang.invoke.DirectMethodHandle$Holder.invokeStatic(java.lang.Object, java.lang.Object, java.lang.Object, java.lang.Object)'> (0x00000277eaf37550) 
thrown [./open/src/hotspot/share/interpreter/linkResolver.cpp, line 766]
Event: 15.656 Thread 0x00000284338dd800 Exception <a 'java/lang/NullPointerException'{0x00000277eaf58538}> (0x00000277eaf58538) 
thrown [./open/src/hotspot/share/interpreter/linkResolver.cpp, line 1348]
Event: 34.430 Thread 0x000002842eaf1000 Exception <a 'java/lang/NoSuchMethodError'{0x00000277fb447818}: 'void java.lang.invoke.DirectMethodHandle$Holder.invokeSpecial(java.lang.Object, java.lang.Object, java.lang.Object, java.lang.Object)'> (0x00000277fb447818) 
thrown [./open/src/hotspot/share/interpreter/linkResolver.cpp, line 766]
Event: 36.070 Thread 0x000002842eaf1000 Implicit null exception at 0x00000277e08fd437 to 0x00000277e08fdaf4
Event: 42.909 Thread 0x000002842eaf1000 Exception <a 'java/lang/ClassNotFoundException'{0x00000277fb7b5128}: com/sun/org/apache/xml/internal/serializer/spi/XMLEntitiesProvider> (0x00000277fb7b5128) 
thrown [./open/src/hotspot/share/classfile/systemDictionary.cpp, line 226]
Event: 271.574 Thread 0x000002842eaf1000 Exception <a 'java/lang/NoSuchMethodError'{0x00000277fa426398}: 'void java.lang.invoke.DirectMethodHandle$Holder.invokeSpecial(java.lang.Object, java.lang.Object, java.lang.Object, java.lang.Object, java.lang.Object)'> (0x00000277fa426398) 
thrown [./open/src/hotspot/share/interpreter/linkResolver.cpp, line 766]

Events (20 events):
Event: 271.567 Thread 0x000002842e67a800 Thread added: 0x000002842e67a800
Event: 271.695 Executing VM operation: G1TryInitiateConcMark
Event: 271.708 Executing VM operation: G1TryInitiateConcMark done
Event: 271.712 Executing VM operation: HandshakeOneThread
Event: 271.933 Executing VM operation: HandshakeOneThread done
Event: 271.933 Executing VM operation: G1Concurrent
Event: 272.004 Executing VM operation: G1Concurrent done
Event: 272.004 Executing VM operation: HandshakeOneThread
Event: 272.004 Executing VM operation: HandshakeOneThread done
Event: 272.004 Executing VM operation: HandshakeOneThread
Event: 272.005 Executing VM operation: HandshakeOneThread done
Event: 272.005 loading class sun/awt/datatransfer/ClipboardTransferable$DataFactory
Event: 272.005 Executing VM operation: HandshakeOneThread
Event: 272.005 loading class sun/awt/datatransfer/ClipboardTransferable$DataFactory done
Event: 272.005 Executing VM operation: HandshakeOneThread done
Event: 272.021 Executing VM operation: G1Concurrent
Event: 272.022 Executing VM operation: G1Concurrent done
Event: 272.065 Executing VM operation: G1TryInitiateConcMark
Event: 272.071 Executing VM operation: G1TryInitiateConcMark done
Event: 272.103 Executing VM operation: G1Concurrent


Dynamic libraries:
0x00007ff70f270000 - 0x00007ff70f27f000 	C:\PROGRA~1\java\jdk-14.0.1\bin\java.exe
0x00007ffa6bff0000 - 0x00007ffa6c1e5000 	C:\Windows\SYSTEM32\ntdll.dll
0x00007ffa6a9e0000 - 0x00007ffa6aa9e000 	C:\Windows\System32\KERNEL32.DLL
0x00007ffa69910000 - 0x00007ffa69bd8000 	C:\Windows\System32\KERNELBASE.dll
0x00007ffa69d20000 - 0x00007ffa69e20000 	C:\Windows\System32\ucrtbase.dll
0x00007ffa4e060000 - 0x00007ffa4e078000 	C:\PROGRA~1\java\jdk-14.0.1\bin\jli.dll
0x00007ffa5c4c0000 - 0x00007ffa5c4d5000 	C:\PROGRA~1\java\jdk-14.0.1\bin\VCRUNTIME140.dll
0x00007ffa6b2a0000 - 0x00007ffa6b34e000 	C:\Windows\System32\ADVAPI32.dll
0x00007ffa6aec0000 - 0x00007ffa6af5e000 	C:\Windows\System32\msvcrt.dll
0x00007ffa6b350000 - 0x00007ffa6b3ec000 	C:\Windows\System32\sechost.dll
0x00007ffa6be80000 - 0x00007ffa6bfa5000 	C:\Windows\System32\RPCRT4.dll
0x00007ffa6a650000 - 0x00007ffa6a7f0000 	C:\Windows\System32\USER32.dll
0x00007ffa69cf0000 - 0x00007ffa69d12000 	C:\Windows\System32\win32u.dll
0x00007ffa5d260000 - 0x00007ffa5d4fa000 	C:\Windows\WinSxS\amd64_microsoft.windows.common-controls_6595b64144ccf1df_6.0.19041.1110_none_60b5254171f9507e\COMCTL32.dll
0x00007ffa6a560000 - 0x00007ffa6a58b000 	C:\Windows\System32\GDI32.dll
0x00007ffa69be0000 - 0x00007ffa69ced000 	C:\Windows\System32\gdi32full.dll
0x00007ffa69700000 - 0x00007ffa6979d000 	C:\Windows\System32\msvcp_win.dll
0x00007ffa63050000 - 0x00007ffa6305a000 	C:\Windows\SYSTEM32\VERSION.dll
0x00007ffa6ae90000 - 0x00007ffa6aec0000 	C:\Windows\System32\IMM32.DLL
0x00007ffa42a10000 - 0x00007ffa42aab000 	C:\PROGRA~1\java\jdk-14.0.1\bin\msvcp140.dll
0x00007ffa141e0000 - 0x00007ffa14cfe000 	C:\PROGRA~1\java\jdk-14.0.1\bin\server\jvm.dll
0x00007ffa6bd40000 - 0x00007ffa6bd48000 	C:\Windows\System32\PSAPI.DLL
0x00007ffa5ec20000 - 0x00007ffa5ec29000 	C:\Windows\SYSTEM32\WSOCK32.dll
0x00007ffa5a0f0000 - 0x00007ffa5a117000 	C:\Windows\SYSTEM32\WINMM.dll
0x00007ffa6b080000 - 0x00007ffa6b0eb000 	C:\Windows\System32\WS2_32.dll
0x00007ffa67610000 - 0x00007ffa67622000 	C:\Windows\SYSTEM32\kernel.appcore.dll
0x00007ffa5c360000 - 0x00007ffa5c36a000 	C:\PROGRA~1\java\jdk-14.0.1\bin\jimage.dll
0x00007ffa586e0000 - 0x00007ffa588c4000 	C:\Windows\SYSTEM32\DBGHELP.DLL
0x00007ffa50250000 - 0x00007ffa5027c000 	C:\Windows\SYSTEM32\dbgcore.DLL
0x00007ffa69e50000 - 0x00007ffa69ed2000 	C:\Windows\System32\bcryptPrimitives.dll
0x00007ffa52eb0000 - 0x00007ffa52ed5000 	C:\PROGRA~1\java\jdk-14.0.1\bin\java.dll
0x00007ffa53f20000 - 0x00007ffa53f36000 	C:\PROGRA~1\java\jdk-14.0.1\bin\zip.dll
0x00007ffa6b400000 - 0x00007ffa6bb44000 	C:\Windows\System32\SHELL32.dll
0x00007ffa67810000 - 0x00007ffa67fa4000 	C:\Windows\SYSTEM32\windows.storage.dll
0x00007ffa6aaa0000 - 0x00007ffa6adf5000 	C:\Windows\System32\combase.dll
0x00007ffa69150000 - 0x00007ffa6917e000 	C:\Windows\SYSTEM32\Wldp.dll
0x00007ffa6a5a0000 - 0x00007ffa6a64d000 	C:\Windows\System32\SHCORE.dll
0x00007ffa6bce0000 - 0x00007ffa6bd35000 	C:\Windows\System32\shlwapi.dll
0x00007ffa69640000 - 0x00007ffa6965f000 	C:\Windows\SYSTEM32\profapi.dll
0x00007ffa52990000 - 0x00007ffa529a9000 	C:\Program Files\Java\jdk-14.0.1\bin\net.dll
0x00007ffa64130000 - 0x00007ffa6423c000 	C:\Windows\SYSTEM32\WINHTTP.dll
0x00007ffa68eb0000 - 0x00007ffa68f1a000 	C:\Windows\system32\mswsock.dll
0x00007ffa52970000 - 0x00007ffa52982000 	C:\Program Files\Java\jdk-14.0.1\bin\nio.dll
0x00007ffa33660000 - 0x00007ffa337f8000 	C:\Program Files\Java\jdk-14.0.1\bin\awt.dll
0x00007ffa6bdb0000 - 0x00007ffa6be7d000 	C:\Windows\System32\OLEAUT32.dll
0x00007ffa66f50000 - 0x00007ffa66fe0000 	C:\Windows\SYSTEM32\apphelp.dll
0x00007ffa67090000 - 0x00007ffa6712e000 	C:\Windows\system32\uxtheme.dll
0x00007ffa6af60000 - 0x00007ffa6b076000 	C:\Windows\System32\MSCTF.dll
0x00007ffa6bb50000 - 0x00007ffa6bc7a000 	C:\Windows\System32\ole32.dll
0x00007ffa67430000 - 0x00007ffa6745f000 	C:\Windows\system32\DWMAPI.DLL
0x00007ffa232f0000 - 0x00007ffa23415000 	C:\Windows\system32\opengl32.dll
0x00007ffa22f90000 - 0x00007ffa22fbc000 	C:\Windows\SYSTEM32\GLU32.dll
0x00007ffa51170000 - 0x00007ffa511f2000 	C:\Program Files\Java\jdk-14.0.1\bin\freetype.dll
0x00007ffa416a0000 - 0x00007ffa41746000 	C:\Program Files\Java\jdk-14.0.1\bin\fontmanager.dll
0x00007ffa5c560000 - 0x00007ffa5c610000 	C:\Windows\WinSxS\amd64_microsoft.windows.common-controls_6595b64144ccf1df_5.82.19041.1110_none_792d1c772443f647\comctl32.dll
0x00007ffa69850000 - 0x00007ffa6989e000 	C:\Windows\System32\CFGMGR32.dll
0x00007ffa6a8d0000 - 0x00007ffa6a979000 	C:\Windows\System32\clbcatq.dll
0x00007ffa66400000 - 0x00007ffa664f6000 	C:\Windows\system32\propsys.dll
0x00007ffa4ae90000 - 0x00007ffa4aea7000 	C:\Windows\system32\NetworkExplorer.dll
0x00007ffa61980000 - 0x00007ffa61b34000 	C:\Windows\SYSTEM32\WindowsCodecs.dll
0x00007ffa69e20000 - 0x00007ffa69e47000 	C:\Windows\System32\bcrypt.dll
0x00007ffa3c3c0000 - 0x00007ffa3c426000 	C:\Windows\System32\thumbcache.dll
0x00007ffa66500000 - 0x00007ffa665a0000 	C:\Windows\SYSTEM32\policymanager.dll
0x00007ffa68850000 - 0x00007ffa688da000 	C:\Windows\SYSTEM32\msvcp110_win.dll
0x00007ffa48690000 - 0x00007ffa486ad000 	C:\Windows\SYSTEM32\MPR.dll
0x00007ffa23650000 - 0x00007ffa2365b000 	C:\Windows\System32\drprov.dll
0x00007ffa68460000 - 0x00007ffa684ba000 	C:\Windows\System32\WINSTA.dll
0x00007ffa23620000 - 0x00007ffa23641000 	C:\Windows\System32\ntlanman.dll
0x00007ffa23600000 - 0x00007ffa2361e000 	C:\Windows\System32\davclnt.dll
0x00007ffa235f0000 - 0x00007ffa235fd000 	C:\Windows\System32\DAVHLPR.dll
0x00007ffa688e0000 - 0x00007ffa688f9000 	C:\Windows\System32\wkscli.dll
0x00007ffa51020000 - 0x00007ffa51032000 	C:\Windows\SYSTEM32\cscapi.dll
0x00007ffa68c60000 - 0x00007ffa68c6c000 	C:\Windows\System32\netutils.dll
0x00007ffa3a780000 - 0x00007ffa3a7d6000 	C:\Windows\System32\dlnashext.dll
0x00007ffa48720000 - 0x00007ffa48784000 	C:\Windows\System32\PlayToDevice.dll
0x00007ffa4a2d0000 - 0x00007ffa4a2f0000 	C:\Windows\System32\DevDispItemProvider.dll
0x00007ffa63380000 - 0x00007ffa63405000 	C:\Windows\System32\MMDevApi.dll
0x00007ffa694a0000 - 0x00007ffa694d4000 	C:\Windows\System32\DEVOBJ.dll
0x00007ffa2cd80000 - 0x00007ffa2ce21000 	C:\Windows\system32\wpdshext.dll
0x00007ffa5d500000 - 0x00007ffa5d6a9000 	C:\Windows\WinSxS\amd64_microsoft.windows.gdiplus_6595b64144ccf1df_1.1.19041.1466_none_91a4907ccc87e3b8\gdiplus.dll
0x00007ffa642c0000 - 0x00007ffa64363000 	C:\Windows\System32\PortableDeviceApi.dll
0x00007ffa6a040000 - 0x00007ffa6a4b2000 	C:\Windows\System32\SETUPAPI.dll
0x00007ffa698a0000 - 0x00007ffa69909000 	C:\Windows\System32\WINTRUST.dll
0x00007ffa69ee0000 - 0x00007ffa6a036000 	C:\Windows\System32\CRYPT32.dll
0x00007ffa692e0000 - 0x00007ffa692f2000 	C:\Windows\System32\MSASN1.dll
0x00007ffa3ab20000 - 0x00007ffa3ab57000 	C:\Windows\System32\EhStorShell.dll
0x00007ffa45170000 - 0x00007ffa45196000 	C:\Windows\System32\EhStorAPI.dll
0x00007ffa64790000 - 0x00007ffa647a4000 	C:\Windows\System32\WTSAPI32.dll
0x00007ffa3ce10000 - 0x00007ffa3ce1d000 	C:\Windows\SYSTEM32\LINKINFO.dll
0x00007ffa50a00000 - 0x00007ffa50a0c000 	C:\Windows\SYSTEM32\Secur32.dll
0x00007ffa695c0000 - 0x00007ffa695f1000 	C:\Windows\SYSTEM32\SSPICLI.DLL
0x00007ffa52840000 - 0x00007ffa5284e000 	C:\Program Files\Java\jdk-14.0.1\bin\sunmscapi.dll
0x00007ffa691c0000 - 0x00007ffa691e7000 	C:\Windows\SYSTEM32\ncrypt.dll
0x00007ffa69180000 - 0x00007ffa691bb000 	C:\Windows\SYSTEM32\NTASN1.dll
0x00007ffa4b480000 - 0x00007ffa4b4a5000 	C:\Program Files\Java\jdk-14.0.1\bin\sunec.dll
0x00007ffa690b0000 - 0x00007ffa690c8000 	C:\Windows\SYSTEM32\CRYPTSP.dll
0x00007ffa687c0000 - 0x00007ffa687f4000 	C:\Windows\system32\rsaenh.dll
0x00007ffa69600000 - 0x00007ffa6962e000 	C:\Windows\SYSTEM32\USERENV.dll
0x00007ffa690a0000 - 0x00007ffa690ac000 	C:\Windows\SYSTEM32\CRYPTBASE.dll
0x00007ffa68b50000 - 0x00007ffa68b8b000 	C:\Windows\SYSTEM32\IPHLPAPI.DLL
0x00007ffa6a590000 - 0x00007ffa6a598000 	C:\Windows\System32\NSI.dll
0x00007ffa63430000 - 0x00007ffa63447000 	C:\Windows\SYSTEM32\dhcpcsvc6.DLL
0x00007ffa63410000 - 0x00007ffa6342d000 	C:\Windows\SYSTEM32\dhcpcsvc.DLL
0x00007ffa68b90000 - 0x00007ffa68c5b000 	C:\Windows\SYSTEM32\DNSAPI.dll
0x00007ffa3ca40000 - 0x00007ffa3ca7e000 	C:\Windows\system32\dataexchange.dll
0x00007ffa65ce0000 - 0x00007ffa65ec5000 	C:\Windows\system32\dcomp.dll
0x00007ffa650a0000 - 0x00007ffa65304000 	C:\Windows\system32\d3d11.dll
0x00007ffa67ff0000 - 0x00007ffa680e4000 	C:\Windows\system32\dxgi.dll
0x00007ffa61e40000 - 0x00007ffa62041000 	C:\Windows\system32\twinapi.appcore.dll
0x00007ffa5e3a0000 - 0x00007ffa5e499000 	C:\Windows\SYSTEM32\textinputframework.dll
0x00007ffa66a70000 - 0x00007ffa66b62000 	C:\Windows\System32\CoreMessaging.dll
0x00007ffa665a0000 - 0x00007ffa668fe000 	C:\Windows\System32\CoreUIComponents.dll
0x00007ffa683f0000 - 0x00007ffa68423000 	C:\Windows\SYSTEM32\ntmarta.dll
0x00007ffa65b00000 - 0x00007ffa65c54000 	C:\Windows\SYSTEM32\wintypes.dll

dbghelp: loaded successfully - version: 4.0.5 - missing functions: none
symbol engine: initialized successfully - sym options: 0x614 - pdb path: .;C:\PROGRA~1\java\jdk-14.0.1\bin;C:\Windows\SYSTEM32;C:\Windows\WinSxS\amd64_microsoft.windows.common-controls_6595b64144ccf1df_6.0.19041.1110_none_60b5254171f9507e;C:\PROGRA~1\java\jdk-14.0.1\bin\server;C:\Program Files\Java\jdk-14.0.1\bin;C:\Windows\WinSxS\amd64_microsoft.windows.common-controls_6595b64144ccf1df_5.82.19041.1110_none_792d1c772443f647;C:\Windows\WinSxS\amd64_microsoft.windows.gdiplus_6595b64144ccf1df_1.1.19041.1466_none_91a4907ccc87e3b8

VM Arguments:
jvm_args: -Xmx48G -Dsun.java2d.d3d=false 
java_command: H:\Maplestory\Maple v83 Server-Client\Tools\EggEditor\Editor.jar
java_class_path (initial): H:\Maplestory\Maple v83 Server-Client\Tools\EggEditor\Editor.jar
Launcher Type: SUN_STANDARD

[Global flags]
     intx CICompilerCount                          = 12                                        {product} {ergonomic}
     uint ConcGCThreads                            = 3                                         {product} {ergonomic}
     uint G1ConcRefinementThreads                  = 13                                        {product} {ergonomic}
   size_t G1HeapRegionSize                         = 8388608                                   {product} {ergonomic}
    uintx GCDrainStackTargetSize                   = 64                                        {product} {ergonomic}
   size_t InitialHeapSize                          = 1073741824                                {product} {ergonomic}
   size_t MarkStackSize                            = 4194304                                   {product} {ergonomic}
   size_t MaxHeapSize                              = 51539607552                               {product} {command line}
   size_t MaxNewSize                               = 30920409088                               {product} {ergonomic}
   size_t MinHeapDeltaBytes                        = 8388608                                   {product} {ergonomic}
   size_t MinHeapSize                              = 8388608                                   {product} {ergonomic}
    uintx NonNMethodCodeHeapSize                   = 7602480                                {pd product} {ergonomic}
    uintx NonProfiledCodeHeapSize                  = 122027880                              {pd product} {ergonomic}
    uintx ProfiledCodeHeapSize                     = 122027880                              {pd product} {ergonomic}
    uintx ReservedCodeCacheSize                    = 251658240                              {pd product} {ergonomic}
     bool SegmentedCodeCache                       = true                                      {product} {ergonomic}
   size_t SoftMaxHeapSize                          = 51539607552                            {manageable} {ergonomic}
     bool UseG1GC                                  = true                                      {product} {ergonomic}
     bool UseLargePagesIndividualAllocation        = false                                  {pd product} {ergonomic}

Logging:
Log output configuration:
 #0: stdout all=warning uptime,level,tags
 #1: stderr all=off uptime,level,tags

Environment Variables:
PATH=C:\Program Files\Common Files\Oracle\Java\javapath;C:\Program Files (x86)\Common Files\Oracle\Java\javapath;C:\Program Files (x86)\Razer\ChromaBroadcast\bin;C:\Program Files\Razer\ChromaBroadcast\bin;C:\Windows\system32;C:\Windows;C:\Windows\System32\Wbem;C:\Windows\System32\WindowsPowerShell\v1.0\;C:\Windows\System32\OpenSSH\;C:\Program Files (x86)\NVIDIA Corporation\PhysX\Common;C:\Windows\system32\config\systemprofile\AppData\Local\Microsoft\WindowsApps;C:\Program Files\nodejs\;C:\ProgramData\chocolatey\bin;C:\Program Files\dotnet\;C:\Program Files\WorldPainter;E:\Vold\;C:\Program Files\Git\cmd;C:\Program Files\Git LFS;C:\Users\David\scoop\apps\python\current\Scripts;C:\Users\David\scoop\apps\python\current;C:\Users\David\scoop\shims;C:\Users\David\.cargo\bin;C:\Users\David\AppData\Local\Programs\Python\Python39\Scripts\;C:\Users\David\AppData\Local\Programs\Python\Python39\;C:\Users\David\AppData\Local\Microsoft\WindowsApps;C:\Users\David\AppData\Roaming\npm;C:\Users\David\.dotnet\tools;C:\PATH_Programs;
USERNAME=David
OS=Windows_NT
PROCESSOR_IDENTIFIER=AMD64 Family 25 Model 33 Stepping 0, AuthenticAMD



---------------  S Y S T E M  ---------------

OS: Windows 10 , 64 bit Build 19041 (10.0.19041.1503)
OS uptime: 23 days 5:46 hours

CPU:total 16 (initial active 16) (16 cores per cpu, 2 threads per core) family 25 model 33 stepping 0, cmov, cx8, fxsr, mmx, sse, sse2, sse3, ssse3, sse4.1, sse4.2, popcnt, avx, avx2, aes, clmul, erms, mmxext, 3dnowpref, lzcnt, sse4a, ht, tsc, tscinvbit, tscinv, bmi1, bmi2, adx, sha, fma

Memory: 4k page, system-wide physical 65459M (13507M free)
TotalPageFile size 65459M (AvailPageFile size 662M)
current process WorkingSet (physical memory assigned to process): 2855M, peak: 2855M
current process commit charge ("private bytes"): 3165M, peak: 3885M

vm_info: Java HotSpot(TM) 64-Bit Server VM (14.0.1+7) for windows-amd64 JRE (14.0.1+7), built on Mar  5 2020 10:30:14 by "mach5one" with MS VC++ 15.9 (VS2017)

END.
